<?xml version="1.0" encoding="UTF-8"?>
<testsuite name="rozetkaUiTests.RozetkaUi" tests="1" skipped="0" failures="0" errors="0" timestamp="2020-06-22T09:33:15" hostname="DESKTOP-A4N47S8" time="67.862">
  <properties/>
  <testcase name="RozetkaSearchTest(Apple iPhone 11 Pro) [0]" classname="rozetkaUiTests.RozetkaUi" time="67.862"/>
  <system-out><![CDATA[************https://rozetka.com.ua*************
8cf6dd6774732c57e6354f3db9c63199
Request method:	POST
Request URI:	https://my.rozetka.com.ua/profile/personal-information/edit/%26action%3DremoveAccount
Proxy:			<none>
Request params:	removeAccount=1
				remove_reason=Test
				request_token=rB4eBl7weu28FojQM6aWAg==
Query params:	<none>
Form params:	<none>
Path params:	<none>
Multiparts:		<none>
Headers:		Accept=text/javascript, text/html, application/xml, text/xml, */*
				Referer=https://my.rozetka.com.ua/ua/?utm_source=dm&utm_medium=email&utm_campaign=welcome-letter&utm_content=confirm&utm_term=general-info
				ajaxAction=https://my.rozetka.com.ua/profile/personal-information/edit/#removeAccount
				X-Requested-With=XMLHttpRequest
				User-Agent=Mozilla/5.0 (Windows NT 10.0; Win64; x64) AppleWebKit/537.36 (KHTML, like Gecko) Chrome/83.0.4103.61 Safari/537.36
				Content-Type=application/x-www-form-urlencoded; charset=ISO-8859-1
Cookies:		ho_sid=1
				slang=ua
				uid=rB4eBl7weu28FojQM6aWAg==
				ab_xl=xl
				ab_xl_uid=uid=071E1EACE97AF05E4D75795002354A04
				sections_test=monolith
				login=danielmyers_80927%40promail1.net
				sid=b2083798234961b2eaf272d7e7960d26
				gauid=237903289
Body:			<none>
200
]]></system-out>
  <system-err><![CDATA[черв. 22, 2020 12:33:15 PM browser.BaseBrowserInit <clinit>
INFO: Initialization BaseBrowserInit class
черв. 22, 2020 12:33:15 PM browser.BaseBrowserInit beforeBaseUiClass
INFO: Windows 10
черв. 22, 2020 12:33:15 PM helpers.UserForTest <init>
INFO: UserForTest : 
EMAIL = danielmyers_80927@promail1.net 
PASSWORD = A76B2LYeof59464 
USER_NAME = Виталий_Гультачук
черв. 22, 2020 12:33:15 PM rozetkaUiTests.RozetkaUi RozetkaSearchTest
INFO: Product for search is : Apple iPhone 11 Pro
черв. 22, 2020 12:33:16 PM com.codeborne.selenide.drivercommands.LazyDriver getAndCheckWebDriver
INFO: No webdriver is bound to current thread: 11 - let's create a new webdriver
Starting ChromeDriver 83.0.4103.39 (ccbf011cb2d2b19b506d844400483861342c20cd-refs/branch-heads/4103@{#416}) on port 18955
Only local connections are allowed.
Please see https://chromedriver.chromium.org/security-considerations for suggestions on keeping ChromeDriver safe.
ChromeDriver was started successfully.
черв. 22, 2020 12:33:24 PM org.openqa.selenium.remote.ProtocolHandshake createSession
INFO: Detected dialect: W3C
черв. 22, 2020 12:33:27 PM com.codeborne.selenide.webdriver.WebDriverFactory logBrowserVersion
INFO: BrowserName=chrome Version=83.0.4103.106 Platform=WINDOWS
черв. 22, 2020 12:33:27 PM com.codeborne.selenide.webdriver.WebDriverFactory createWebDriver
INFO: Selenide v. 5.2.2
черв. 22, 2020 12:33:27 PM com.codeborne.selenide.webdriver.WebDriverFactory logSeleniumInfo
INFO: Selenium WebDriver v. 3.141.59 build time: 2018-11-14T08:17:03
черв. 22, 2020 12:33:27 PM com.codeborne.selenide.drivercommands.CreateDriverCommand createDriver
INFO: Create webdriver in current thread 11: ChromeDriver -> ChromeDriver: chrome on WINDOWS (50a9106924daa3775ff9e0b3559724b0)
черв. 22, 2020 12:33:27 PM com.codeborne.selenide.drivercommands.CreateDriverCommand addListeners
INFO: Add listener to webdriver: helpers.CustomEventListener@444d9fc8
черв. 22, 2020 12:33:28 PM helpers.AllureUIUtil captureCurrentUrl_aroundBody8
INFO: Current url: https://rozetka.com.ua/ua/
черв. 22, 2020 12:33:48 PM tempMailApi.TempMail stringToMD5Hash_aroundBody2
INFO: Mail hash is: 8cf6dd6774732c57e6354f3db9c63199
черв. 22, 2020 12:33:55 PM tempMailApi.TempMail getLinkForApprove_aroundBody6
INFO: Link for approve: https://my.rozetka.com.ua/authorize/?skey=7608d7142&amp;uid=237903289&amp;url=https%3A%2F%2Fmy.rozetka.com.ua%2Fconfirm-email%2F%3Futm_source%3Ddm%26utm_medium%3Demail%26utm_campaign%3Dwelcome-letter%26uid%3D237903289%26code%3D38796ebb%26action%3DconfirmEmail%26utm_term%3Dgeneral-info%26utm_content%3Dconfirm
черв. 22, 2020 12:33:59 PM helpers.AllureUIUtil captureCurrentUrl_aroundBody8
INFO: Current url: https://my.rozetka.com.ua/ua/?utm_source=dm&utm_medium=email&utm_campaign=welcome-letter&utm_content=confirm&utm_term=general-info
черв. 22, 2020 12:34:04 PM helpers.RequiredAssertMessagesByLanguage getMessageByLang_aroundBody0
INFO: Message to assert : Адресу електронної пошти підтверджено, дякуємо
черв. 22, 2020 12:34:18 PM rozetkaModelsPages.RecommendationsProductsPage choseFirstProductAndSetPriceToObj_aroundBody2
INFO: Price from first recommendation product : 399
черв. 22, 2020 12:34:22 PM helpers.RemoveUserByRestAssured removeRozetkaAccount
INFO: User account has been deleted
]]></system-err>
</testsuite>
